G:\Spring2012\CS480\Assignment2\code_online\pws\CMPSC458RollerCoaster\Debug\cl.command.1.tlog
G:\Spring2012\CS480\Assignment2\code_online\pws\CMPSC458RollerCoaster\Debug\CL.read.1.tlog
G:\Spring2012\CS480\Assignment2\code_online\pws\CMPSC458RollerCoaster\Debug\CL.write.1.tlog
G:\Spring2012\CS480\Assignment2\code_online\pws\CMPSC458RollerCoaster\Debug\link.10236.read.1.tlog
G:\Spring2012\CS480\Assignment2\code_online\pws\CMPSC458RollerCoaster\Debug\link.10236.write.1.tlog
G:\Spring2012\CS480\Assignment2\code_online\pws\CMPSC458RollerCoaster\Debug\link.10236-cvtres.read.1.tlog
G:\Spring2012\CS480\Assignment2\code_online\pws\CMPSC458RollerCoaster\Debug\link.10236-cvtres.write.1.tlog
G:\Spring2012\CS480\Assignment2\code_online\pws\CMPSC458RollerCoaster\Debug\link.1948.read.1.tlog
G:\Spring2012\CS480\Assignment2\code_online\pws\CMPSC458RollerCoaster\Debug\link.1948.write.1.tlog
G:\Spring2012\CS480\Assignment2\code_online\pws\CMPSC458RollerCoaster\Debug\link.1948-cvtres.read.1.tlog
G:\Spring2012\CS480\Assignment2\code_online\pws\CMPSC458RollerCoaster\Debug\link.1948-cvtres.write.1.tlog
G:\Spring2012\CS480\Assignment2\code_online\pws\CMPSC458RollerCoaster\Debug\link.2060.read.1.tlog
G:\Spring2012\CS480\Assignment2\code_online\pws\CMPSC458RollerCoaster\Debug\link.2060.write.1.tlog
G:\Spring2012\CS480\Assignment2\code_online\pws\CMPSC458RollerCoaster\Debug\link.2060-cvtres.read.1.tlog
G:\Spring2012\CS480\Assignment2\code_online\pws\CMPSC458RollerCoaster\Debug\link.2060-cvtres.write.1.tlog
G:\Spring2012\CS480\Assignment2\code_online\pws\CMPSC458RollerCoaster\Debug\link.2120.read.1.tlog
G:\Spring2012\CS480\Assignment2\code_online\pws\CMPSC458RollerCoaster\Debug\link.2120.write.1.tlog
G:\Spring2012\CS480\Assignment2\code_online\pws\CMPSC458RollerCoaster\Debug\link.2120-cvtres.read.1.tlog
G:\Spring2012\CS480\Assignment2\code_online\pws\CMPSC458RollerCoaster\Debug\link.2120-cvtres.write.1.tlog
G:\Spring2012\CS480\Assignment2\code_online\pws\CMPSC458RollerCoaster\Debug\link.2136.read.1.tlog
G:\Spring2012\CS480\Assignment2\code_online\pws\CMPSC458RollerCoaster\Debug\link.2136.write.1.tlog
G:\Spring2012\CS480\Assignment2\code_online\pws\CMPSC458RollerCoaster\Debug\link.2136-cvtres.read.1.tlog
G:\Spring2012\CS480\Assignment2\code_online\pws\CMPSC458RollerCoaster\Debug\link.2136-cvtres.write.1.tlog
G:\Spring2012\CS480\Assignment2\code_online\pws\CMPSC458RollerCoaster\Debug\link.3500.read.1.tlog
G:\Spring2012\CS480\Assignment2\code_online\pws\CMPSC458RollerCoaster\Debug\link.3500.write.1.tlog
G:\Spring2012\CS480\Assignment2\code_online\pws\CMPSC458RollerCoaster\Debug\link.3500-cvtres.read.1.tlog
G:\Spring2012\CS480\Assignment2\code_online\pws\CMPSC458RollerCoaster\Debug\link.3500-cvtres.write.1.tlog
G:\Spring2012\CS480\Assignment2\code_online\pws\CMPSC458RollerCoaster\Debug\link.4752.read.1.tlog
G:\Spring2012\CS480\Assignment2\code_online\pws\CMPSC458RollerCoaster\Debug\link.4752.write.1.tlog
G:\Spring2012\CS480\Assignment2\code_online\pws\CMPSC458RollerCoaster\Debug\link.4752-cvtres.read.1.tlog
G:\Spring2012\CS480\Assignment2\code_online\pws\CMPSC458RollerCoaster\Debug\link.4752-cvtres.write.1.tlog
G:\Spring2012\CS480\Assignment2\code_online\pws\CMPSC458RollerCoaster\Debug\link.5936.read.1.tlog
G:\Spring2012\CS480\Assignment2\code_online\pws\CMPSC458RollerCoaster\Debug\link.5936.write.1.tlog
G:\Spring2012\CS480\Assignment2\code_online\pws\CMPSC458RollerCoaster\Debug\link.5936-cvtres.read.1.tlog
G:\Spring2012\CS480\Assignment2\code_online\pws\CMPSC458RollerCoaster\Debug\link.5936-cvtres.write.1.tlog
G:\Spring2012\CS480\Assignment2\code_online\pws\CMPSC458RollerCoaster\Debug\link.6280.read.1.tlog
G:\Spring2012\CS480\Assignment2\code_online\pws\CMPSC458RollerCoaster\Debug\link.6280.write.1.tlog
G:\Spring2012\CS480\Assignment2\code_online\pws\CMPSC458RollerCoaster\Debug\link.6280-cvtres.read.1.tlog
G:\Spring2012\CS480\Assignment2\code_online\pws\CMPSC458RollerCoaster\Debug\link.6280-cvtres.write.1.tlog
G:\Spring2012\CS480\Assignment2\code_online\pws\CMPSC458RollerCoaster\Debug\link.6372.read.1.tlog
G:\Spring2012\CS480\Assignment2\code_online\pws\CMPSC458RollerCoaster\Debug\link.6372.write.1.tlog
G:\Spring2012\CS480\Assignment2\code_online\pws\CMPSC458RollerCoaster\Debug\link.6372-cvtres.read.1.tlog
G:\Spring2012\CS480\Assignment2\code_online\pws\CMPSC458RollerCoaster\Debug\link.6372-cvtres.write.1.tlog
G:\Spring2012\CS480\Assignment2\code_online\pws\CMPSC458RollerCoaster\Debug\link.7144.read.1.tlog
G:\Spring2012\CS480\Assignment2\code_online\pws\CMPSC458RollerCoaster\Debug\link.7144.write.1.tlog
G:\Spring2012\CS480\Assignment2\code_online\pws\CMPSC458RollerCoaster\Debug\link.7144-cvtres.read.1.tlog
G:\Spring2012\CS480\Assignment2\code_online\pws\CMPSC458RollerCoaster\Debug\link.7144-cvtres.write.1.tlog
G:\Spring2012\CS480\Assignment2\code_online\pws\CMPSC458RollerCoaster\Debug\link.7216.read.1.tlog
G:\Spring2012\CS480\Assignment2\code_online\pws\CMPSC458RollerCoaster\Debug\link.7216.write.1.tlog
G:\Spring2012\CS480\Assignment2\code_online\pws\CMPSC458RollerCoaster\Debug\link.7216-cvtres.read.1.tlog
G:\Spring2012\CS480\Assignment2\code_online\pws\CMPSC458RollerCoaster\Debug\link.7216-cvtres.write.1.tlog
G:\Spring2012\CS480\Assignment2\code_online\pws\CMPSC458RollerCoaster\Debug\link.7324.read.1.tlog
G:\Spring2012\CS480\Assignment2\code_online\pws\CMPSC458RollerCoaster\Debug\link.7324.write.1.tlog
G:\Spring2012\CS480\Assignment2\code_online\pws\CMPSC458RollerCoaster\Debug\link.7324-cvtres.read.1.tlog
G:\Spring2012\CS480\Assignment2\code_online\pws\CMPSC458RollerCoaster\Debug\link.7324-cvtres.write.1.tlog
G:\Spring2012\CS480\Assignment2\code_online\pws\CMPSC458RollerCoaster\Debug\link.7496.read.1.tlog
G:\Spring2012\CS480\Assignment2\code_online\pws\CMPSC458RollerCoaster\Debug\link.7496.write.1.tlog
G:\Spring2012\CS480\Assignment2\code_online\pws\CMPSC458RollerCoaster\Debug\link.7496-cvtres.read.1.tlog
G:\Spring2012\CS480\Assignment2\code_online\pws\CMPSC458RollerCoaster\Debug\link.7496-cvtres.write.1.tlog
G:\Spring2012\CS480\Assignment2\code_online\pws\CMPSC458RollerCoaster\Debug\link.7828.read.1.tlog
G:\Spring2012\CS480\Assignment2\code_online\pws\CMPSC458RollerCoaster\Debug\link.7828.write.1.tlog
G:\Spring2012\CS480\Assignment2\code_online\pws\CMPSC458RollerCoaster\Debug\link.7828-cvtres.read.1.tlog
G:\Spring2012\CS480\Assignment2\code_online\pws\CMPSC458RollerCoaster\Debug\link.7828-cvtres.write.1.tlog
G:\Spring2012\CS480\Assignment2\code_online\pws\CMPSC458RollerCoaster\Debug\link.8596.read.1.tlog
G:\Spring2012\CS480\Assignment2\code_online\pws\CMPSC458RollerCoaster\Debug\link.8596.write.1.tlog
G:\Spring2012\CS480\Assignment2\code_online\pws\CMPSC458RollerCoaster\Debug\link.8596-cvtres.read.1.tlog
G:\Spring2012\CS480\Assignment2\code_online\pws\CMPSC458RollerCoaster\Debug\link.8596-cvtres.write.1.tlog
G:\Spring2012\CS480\Assignment2\code_online\pws\CMPSC458RollerCoaster\Debug\link.9512.read.1.tlog
G:\Spring2012\CS480\Assignment2\code_online\pws\CMPSC458RollerCoaster\Debug\link.9512.write.1.tlog
G:\Spring2012\CS480\Assignment2\code_online\pws\CMPSC458RollerCoaster\Debug\link.9512-cvtres.read.1.tlog
G:\Spring2012\CS480\Assignment2\code_online\pws\CMPSC458RollerCoaster\Debug\link.9512-cvtres.write.1.tlog
G:\Spring2012\CS480\Assignment2\code_online\pws\CMPSC458RollerCoaster\Debug\link.9568.read.1.tlog
G:\Spring2012\CS480\Assignment2\code_online\pws\CMPSC458RollerCoaster\Debug\link.9568.write.1.tlog
G:\Spring2012\CS480\Assignment2\code_online\pws\CMPSC458RollerCoaster\Debug\link.9568-cvtres.read.1.tlog
G:\Spring2012\CS480\Assignment2\code_online\pws\CMPSC458RollerCoaster\Debug\link.9568-cvtres.write.1.tlog
G:\Spring2012\CS480\Assignment2\code_online\pws\CMPSC458RollerCoaster\Debug\link.command.1.tlog
G:\Spring2012\CS480\Assignment2\code_online\pws\CMPSC458RollerCoaster\Debug\link.read.1.tlog
G:\Spring2012\CS480\Assignment2\code_online\pws\CMPSC458RollerCoaster\Debug\link.write.1.tlog
G:\Spring2012\CS480\Assignment2\code_online\pws\CMPSC458RollerCoaster\Debug\link-cvtres.read.1.tlog
G:\Spring2012\CS480\Assignment2\code_online\pws\CMPSC458RollerCoaster\Debug\link-cvtres.write.1.tlog
G:\Spring2012\CS480\Assignment2\code_online\pws\CMPSC458RollerCoaster\Debug\mt.command.1.tlog
G:\Spring2012\CS480\Assignment2\code_online\pws\CMPSC458RollerCoaster\Debug\mt.read.1.tlog
G:\Spring2012\CS480\Assignment2\code_online\pws\CMPSC458RollerCoaster\Debug\mt.write.1.tlog
G:\Spring2012\CS480\Assignment2\code_online\pws\CMPSC458RollerCoaster\Debug\rc.command.1.tlog
G:\Spring2012\CS480\Assignment2\code_online\pws\CMPSC458RollerCoaster\Debug\rc.read.1.tlog
G:\Spring2012\CS480\Assignment2\code_online\pws\CMPSC458RollerCoaster\Debug\rc.write.1.tlog
G:\SPRING2012\CS480\ASSIGNMENT2\CODE_ONLINE\PWS\CMPSC458ROLLERCOASTER\DEBUG\RC_MAIN.OBJ
G:\SPRING2012\CS480\ASSIGNMENT2\CODE_ONLINE\PWS\CMPSC458ROLLERCOASTER\DEBUG\RC_SPLINE.OBJ
G:\SPRING2012\CS480\ASSIGNMENT2\CODE_ONLINE\PWS\CMPSC458ROLLERCOASTER\DEBUG\ROLLERCOASTER.EXE
G:\Spring2012\CS480\Assignment2\code_online\pws\CMPSC458RollerCoaster\Debug\RollerCoaster.exe.embed.manifest
G:\SPRING2012\CS480\ASSIGNMENT2\CODE_ONLINE\PWS\CMPSC458ROLLERCOASTER\DEBUG\ROLLERCOASTER.EXE.EMBED.MANIFEST.RES
G:\SPRING2012\CS480\ASSIGNMENT2\CODE_ONLINE\PWS\CMPSC458ROLLERCOASTER\DEBUG\ROLLERCOASTER.EXE.INTERMEDIATE.MANIFEST
G:\SPRING2012\CS480\ASSIGNMENT2\CODE_ONLINE\PWS\CMPSC458ROLLERCOASTER\DEBUG\ROLLERCOASTER.ILK
G:\SPRING2012\CS480\ASSIGNMENT2\CODE_ONLINE\PWS\CMPSC458ROLLERCOASTER\DEBUG\ROLLERCOASTER.PDB
G:\Spring2012\CS480\Assignment2\code_online\pws\CMPSC458RollerCoaster\Debug\RollerCoaster_manifest.rc
G:\Spring2012\CS480\Assignment2\code_online\pws\CMPSC458RollerCoaster\Debug\vc100.idb
G:\SPRING2012\CS480\ASSIGNMENT2\CODE_ONLINE\PWS\CMPSC458ROLLERCOASTER\DEBUG\VC100.PDB
